2024-08-30 16:12:57 warn: Potentially invalid phone number format: 044 3276 454 935
2024-08-30 16:12:57 info: Form data submitted successfully {avatar:media/avatars/300-1.jpg, fName:Max, lName:Smith, company:Keenthemes, contactPhone:044 3276 454 935, companySite:keenthemes.com, country:AU, language:en, timeZone:Pacific/Pago_Pago, currency:USD}
2024-08-30 16:12:57 debug: Executing SQL query
2024-08-30 16:12:57 info: Currency change detected from JPY to USD
2024-08-30 16:12:58 debug: Data inserted successfully
2024-08-30 16:12:58 info: Profile updated.
2024-08-30 17:20:57 warn: Potentially invalid phone number format: 044 3276 454 935
2024-08-30 17:20:58 info: Form data submitted successfully {avatar:media/avatars/300-1.jpg, fName:Max, lName:Smith, company:Keenthemes, contactPhone:044 3276 454 935, companySite:keenthemes.com, country:AU, language:en, timeZone:Pacific/Pago_Pago, currency:GBP}
2024-08-30 17:20:58 debug: Executing SQL query
2024-08-30 17:20:58 info: Currency change detected from USD to GBP
2024-08-30 17:20:59 debug: Data inserted successfully
2024-08-30 17:20:59 info: Profile updated.
2024-08-31 10:00:41 warn: Potentially invalid phone number format: 044 3276 454 935
2024-08-31 10:00:45 info: Form data submitted successfully {avatar:media/avatars/300-1.jpg, fName:Max, lName:Smith, company:Keenthemes, contactPhone:044 3276 454 935, companySite:keenthemes.com, country:AU, language:en, timeZone:Pacific/Pago_Pago, currency:USD}
2024-08-31 10:00:46 debug: Executing SQL query
2024-08-31 10:00:47 info: Currency change detected from GBP to USD
2024-08-31 10:00:48 warn: Potentially invalid phone number format: 044 3276 454 935
2024-08-31 10:00:48 info: Form data submitted successfully {avatar:media/avatars/300-1.jpg, fName:Max, lName:Smith, company:Keenthemes, contactPhone:044 3276 454 935, companySite:keenthemes.com, country:AU, language:en, timeZone:Pacific/Pago_Pago, currency:USD}
2024-08-31 10:00:48 debug: Executing SQL query
2024-08-31 10:00:50 debug: Data inserted successfully
2024-08-31 10:00:50 info: Profile updated.
2024-08-31 10:00:51 debug: Data inserted successfully
2024-08-31 10:00:51 info: Profile updated.
2024-08-31 10:09:35 warn: Potentially invalid phone number format: 044 3276 454 935
2024-08-31 10:09:35 info: Form data submitted successfully {avatar:media/avatars/300-1.jpg, fName:Max, lName:Smith, company:Keenthemes, contactPhone:044 3276 454 935, companySite:keenthemes.com, country:AU, language:en, timeZone:America/Anchorage, currency:USD}
2024-08-31 10:09:35 debug: Executing SQL query
2024-08-31 10:09:35 info: Timezone change detected from Pacific/Pago_Pago to America/Anchorage
2024-08-31 10:09:35 debug: Data inserted successfully
2024-08-31 10:09:35 info: Profile updated.
2024-08-31 10:21:31 warn: Potentially invalid phone number format: 044 3276 454 935
2024-08-31 10:21:31 info: Form data submitted successfully {avatar:media/avatars/300-1.jpg, fName:Max, lName:Smith, company:Keenthemes, contactPhone:044 3276 454 935, companySite:keenthemes.com, country:AU, language:en, timeZone:America/Bogota, currency:USD}
2024-08-31 10:21:31 debug: Executing SQL query
2024-08-31 10:21:31 info: Timezone change detected from America/Anchorage to America/Bogota
2024-08-31 10:21:31 debug: Data inserted successfully
2024-08-31 10:21:31 info: Profile updated.
2024-08-31 10:32:40 warn: Potentially invalid phone number format: 044 3276 454 935
2024-08-31 10:32:40 info: Form data submitted successfully {avatar:media/avatars/300-1.jpg, fName:Max, lName:Smith, company:Keenthemes, contactPhone:044 3276 454 935, companySite:keenthemes.com, country:AU, language:en, timeZone:America/Bogota, currency:AUD}
2024-08-31 10:32:40 debug: Executing SQL query
2024-08-31 10:32:40 info: Currency change detected from USD to AUD
2024-08-31 10:32:40 debug: Data inserted successfully
2024-08-31 10:32:41 info: Profile updated.
2024-08-31 10:46:34 warn: Potentially invalid phone number format: 044 3276 454 935
2024-08-31 10:46:34 info: Form data submitted successfully {avatar:media/avatars/300-1.jpg, fName:Max, lName:Smith, company:Keenthemes, contactPhone:044 3276 454 935, companySite:keenthemes.com, country:AU, language:fr, timeZone:America/Bogota, currency:AUD}
2024-08-31 10:46:34 debug: Executing SQL query
2024-08-31 10:46:34 info: Language change detected from en to fr
2024-08-31 10:46:34 debug: Data inserted successfully
2024-08-31 10:46:34 info: Profile updated.
2024-08-31 10:52:33 warn: Potentially invalid phone number format: 044 3276 454 935
2024-08-31 10:52:33 info: Form data submitted successfully {avatar:media/avatars/300-1.jpg, fName:Max, lName:Smith, company:Keenthemes, contactPhone:044 3276 454 935, companySite:keenthemes.com, country:AU, language:en, timeZone:America/Bogota, currency:AUD}
2024-08-31 10:52:33 debug: Executing SQL query
2024-08-31 10:52:33 info: Language change detected from fr to en
2024-08-31 10:52:33 debug: Data inserted successfully
2024-08-31 10:52:33 info: Profile updated.
2024-08-31 12:29:17 warn: Potentially invalid phone number format: 044 3276 454 935
2024-08-31 12:29:17 info: Form data submitted successfully {avatar:media/avatars/300-1.jpg, fName:Max, lName:Smith, company:Keenthemes, contactPhone:044 3276 454 935, companySite:keenthemes.com, country:AT, language:fr, timeZone:America/Lima, currency:GBP}
2024-08-31 12:29:17 debug: Executing SQL query
2024-08-31 12:29:17 info: Currency change detected from AUD to GBP
2024-08-31 12:29:17 info: Timezone change detected from America/Bogota to America/Lima
2024-08-31 12:29:17 info: Country change detected from AU to AT
2024-08-31 12:29:17 info: Language change detected from en to fr
2024-08-31 12:29:18 debug: Data inserted successfully
2024-08-31 12:29:18 info: Profile updated.
